c:\users\jacob\documents\documents\prj\roguechess\frontend3d\frontend3d\x64\debug\vc143.pdb
c:\users\jacob\documents\documents\prj\roguechess\frontend3d\frontend3d\x64\debug\vc143.idb
c:\users\jacob\documents\documents\prj\roguechess\frontend3d\frontend3d\x64\debug\testinput.obj
c:\users\jacob\documents\documents\prj\roguechess\frontend3d\frontend3d\x64\debug\graphicsrunner.obj
c:\users\jacob\documents\documents\prj\roguechess\frontend3d\frontend3d\x64\debug\swapchainsupportdetails.obj
c:\users\jacob\documents\documents\prj\roguechess\frontend3d\frontend3d\x64\debug\swapchain.obj
c:\users\jacob\documents\documents\prj\roguechess\frontend3d\frontend3d\x64\debug\vertex.obj
c:\users\jacob\documents\documents\prj\roguechess\frontend3d\frontend3d\x64\debug\uniformbufferobject.obj
c:\users\jacob\documents\documents\prj\roguechess\frontend3d\frontend3d\x64\debug\queuefamilyindices.obj
c:\users\jacob\documents\documents\prj\roguechess\frontend3d\frontend3d\x64\debug\modelloading.obj
c:\users\jacob\documents\documents\prj\roguechess\frontend3d\frontend3d\x64\debug\logging.obj
c:\users\jacob\documents\documents\prj\roguechess\frontend3d\frontend3d\x64\debug\keyboard.obj
c:\users\jacob\documents\documents\prj\roguechess\frontend3d\frontend3d\x64\debug\input.obj
c:\users\jacob\documents\documents\prj\roguechess\frontend3d\frontend3d\x64\debug\controller.obj
c:\users\jacob\documents\documents\prj\roguechess\frontend3d\frontend3d\x64\debug\image.obj
c:\users\jacob\documents\documents\prj\roguechess\frontend3d\frontend3d\x64\debug\frontend3d.obj
c:\users\jacob\documents\documents\prj\roguechess\frontend3d\frontend3d\x64\debug\camera.obj
c:\users\jacob\documents\documents\prj\roguechess\frontend3d\x64\debug\frontend3d.exe
c:\users\jacob\documents\documents\prj\roguechess\frontend3d\x64\debug\frontend3d.pdb
c:\users\jacob\documents\documents\prj\roguechess\frontend3d\frontend3d\x64\debug\frontend3d.ilk
c:\users\jacob\documents\documents\prj\roguechess\frontend3d\frontend3d\x64\debug\frontend3d.tlog\cl.command.1.tlog
c:\users\jacob\documents\documents\prj\roguechess\frontend3d\frontend3d\x64\debug\frontend3d.tlog\cl.items.tlog
c:\users\jacob\documents\documents\prj\roguechess\frontend3d\frontend3d\x64\debug\frontend3d.tlog\cl.read.1.tlog
c:\users\jacob\documents\documents\prj\roguechess\frontend3d\frontend3d\x64\debug\frontend3d.tlog\cl.write.1.tlog
c:\users\jacob\documents\documents\prj\roguechess\frontend3d\frontend3d\x64\debug\frontend3d.tlog\link.command.1.tlog
c:\users\jacob\documents\documents\prj\roguechess\frontend3d\frontend3d\x64\debug\frontend3d.tlog\link.read.1.tlog
c:\users\jacob\documents\documents\prj\roguechess\frontend3d\frontend3d\x64\debug\frontend3d.tlog\link.secondary.1.tlog
c:\users\jacob\documents\documents\prj\roguechess\frontend3d\frontend3d\x64\debug\frontend3d.tlog\link.write.1.tlog
